2025-07-06 15:25:22 [PERF] /search response_time=285ms memory=66% cpu=39%
2025-07-06 15:25:52 [PERF] /search response_time=1795ms memory=62% cpu=34%
2025-07-06 15:26:22 [PERF] /api/products response_time=5076ms memory=56% cpu=36%
2025-07-06 15:26:52 [PERF] /search response_time=1060ms memory=53% cpu=61%
2025-07-06 15:27:22 [PERF] /checkout response_time=337ms memory=58% cpu=41%
2025-07-06 15:27:52 [PERF] /search response_time=1204ms memory=55% cpu=24%
2025-07-06 15:28:22 [PERF] /search response_time=425ms memory=40% cpu=56%
2025-07-06 15:28:52 [PERF] /api/products response_time=386ms memory=63% cpu=46%
2025-07-06 15:29:22 [PERF] /api/users response_time=106ms memory=45% cpu=49%
2025-07-06 15:29:52 [PERF] /search response_time=462ms memory=57% cpu=41%
2025-07-06 15:30:22 [PERF] /search response_time=1231ms memory=40% cpu=29%
2025-07-06 15:30:52 [PERF] /search response_time=348ms memory=48% cpu=70%
2025-07-06 15:31:22 [PERF] /api/products response_time=81ms memory=84% cpu=29%
2025-07-06 15:31:52 [PERF] /search response_time=777ms memory=83% cpu=65%
2025-07-06 15:32:22 [PERF] /search response_time=283ms memory=67% cpu=21%
2025-07-06 15:32:52 [PERF] /api/products response_time=148ms memory=72% cpu=47%
2025-07-06 15:33:22 [PERF] /api/orders response_time=245ms memory=51% cpu=64%
2025-07-06 15:33:52 [PERF] /api/users response_time=364ms memory=66% cpu=40%
2025-07-06 15:34:22 [PERF] /api/products response_time=95ms memory=45% cpu=58%
2025-07-06 15:34:52 [PERF] /api/products response_time=391ms memory=77% cpu=36%
2025-07-06 15:35:22 [PERF] /search response_time=279ms memory=54% cpu=20%
2025-07-06 15:35:52 [PERF] /api/users response_time=334ms memory=40% cpu=41%
2025-07-06 15:36:22 [PERF] /api/orders response_time=59ms memory=58% cpu=42%
2025-07-06 15:36:52 [PERF] /api/users response_time=4428ms memory=81% cpu=44%
2025-07-06 15:37:22 [PERF] /checkout response_time=1628ms memory=60% cpu=44%
2025-07-06 15:37:52 [PERF] /api/users response_time=341ms memory=83% cpu=48%
2025-07-06 15:38:22 [PERF] /api/orders response_time=62ms memory=55% cpu=59%
2025-07-06 15:38:52 [PERF] /api/users response_time=95ms memory=72% cpu=32%
2025-07-06 15:39:22 [PERF] /api/orders response_time=59ms memory=66% cpu=50%
2025-07-06 15:39:52 [PERF] /api/users response_time=180ms memory=48% cpu=54%
2025-07-06 15:40:22 [PERF] /api/orders response_time=106ms memory=55% cpu=27%
2025-07-06 15:40:52 [PERF] /api/orders response_time=387ms memory=56% cpu=38%
2025-07-06 15:41:22 [PERF] /checkout response_time=965ms memory=64% cpu=65%
2025-07-06 15:41:52 [PERF] /api/orders response_time=416ms memory=62% cpu=31%
2025-07-06 15:42:22 [PERF] /api/orders response_time=445ms memory=50% cpu=70%
2025-07-06 15:42:52 [PERF] /search response_time=1570ms memory=67% cpu=65%
2025-07-06 15:43:22 [PERF] /checkout response_time=1679ms memory=75% cpu=22%
2025-07-06 15:43:52 [PERF] /search response_time=764ms memory=56% cpu=39%
2025-07-06 15:44:22 [PERF] /api/orders response_time=458ms memory=74% cpu=38%
2025-07-06 15:44:52 [PERF] /api/orders response_time=381ms memory=73% cpu=65%
2025-07-06 15:45:22 [PERF] /search response_time=1462ms memory=82% cpu=63%
2025-07-06 15:45:52 [PERF] /api/products response_time=296ms memory=60% cpu=23%
2025-07-06 15:46:22 [PERF] /checkout response_time=1195ms memory=58% cpu=51%
2025-07-06 15:46:52 [PERF] /api/users response_time=291ms memory=63% cpu=51%
2025-07-06 15:47:22 [PERF] /api/orders response_time=468ms memory=58% cpu=24%
2025-07-06 15:47:52 [PERF] /search response_time=1501ms memory=72% cpu=45%
2025-07-06 15:48:22 [PERF] /checkout response_time=1441ms memory=83% cpu=57%
2025-07-06 15:48:52 [PERF] /api/orders response_time=493ms memory=43% cpu=35%
2025-07-06 15:49:22 [PERF] /checkout response_time=1299ms memory=56% cpu=34%
2025-07-06 15:49:52 [PERF] /api/orders response_time=251ms memory=47% cpu=60%
2025-07-06 15:50:22 [PERF] /search response_time=238ms memory=47% cpu=33%
2025-07-06 15:50:52 [PERF] /api/users response_time=358ms memory=77% cpu=20%
2025-07-06 15:51:22 [PERF] /api/products response_time=3749ms memory=78% cpu=70%
2025-07-06 15:51:52 [PERF] /search response_time=1659ms memory=45% cpu=44%
2025-07-06 15:52:22 [PERF] /api/orders response_time=308ms memory=78% cpu=22%
2025-07-06 15:52:52 [PERF] /api/users response_time=358ms memory=56% cpu=67%
2025-07-06 15:53:22 [PERF] /api/users response_time=219ms memory=67% cpu=44%
2025-07-06 15:53:52 [PERF] /api/orders response_time=292ms memory=59% cpu=57%
2025-07-06 15:54:22 [PERF] /checkout response_time=1332ms memory=85% cpu=33%
2025-07-06 15:54:52 [PERF] /api/orders response_time=123ms memory=51% cpu=49%
2025-07-06 15:55:22 [PERF] /api/orders response_time=337ms memory=67% cpu=28%
2025-07-06 15:55:52 [PERF] /api/products response_time=436ms memory=60% cpu=62%
2025-07-06 15:56:22 [PERF] /api/orders response_time=312ms memory=56% cpu=55%
2025-07-06 15:56:52 [PERF] /search response_time=220ms memory=49% cpu=25%
2025-07-06 15:57:22 [PERF] /checkout response_time=539ms memory=67% cpu=38%
2025-07-06 15:57:52 [PERF] /api/products response_time=317ms memory=68% cpu=29%
2025-07-06 15:58:22 [PERF] /api/orders response_time=479ms memory=50% cpu=34%
2025-07-06 15:58:52 [PERF] /api/products response_time=440ms memory=74% cpu=57%
2025-07-06 15:59:22 [PERF] /api/orders response_time=5589ms memory=74% cpu=20%
2025-07-06 15:59:52 [PERF] /api/users response_time=110ms memory=83% cpu=32%
2025-07-06 16:00:22 [PERF] /search response_time=907ms memory=79% cpu=60%
2025-07-06 16:00:52 [PERF] /api/products response_time=337ms memory=62% cpu=64%
2025-07-06 16:01:22 [PERF] /api/products response_time=226ms memory=70% cpu=53%
2025-07-06 16:01:52 [PERF] /search response_time=1601ms memory=74% cpu=46%
2025-07-06 16:02:22 [PERF] /api/products response_time=407ms memory=43% cpu=24%
2025-07-06 16:02:52 [PERF] /api/orders response_time=139ms memory=76% cpu=55%
2025-07-06 16:03:22 [PERF] /search response_time=788ms memory=45% cpu=35%
2025-07-06 16:03:52 [PERF] /search response_time=553ms memory=40% cpu=41%
2025-07-06 16:04:22 [PERF] /api/products response_time=135ms memory=59% cpu=41%
2025-07-06 16:04:52 [PERF] /checkout response_time=475ms memory=73% cpu=60%
2025-07-06 16:05:22 [PERF] /api/users response_time=307ms memory=76% cpu=52%
2025-07-06 16:05:52 [PERF] /api/products response_time=257ms memory=82% cpu=36%
2025-07-06 16:06:22 [PERF] /api/products response_time=172ms memory=50% cpu=64%
2025-07-06 16:06:52 [PERF] /api/users response_time=235ms memory=73% cpu=36%
2025-07-06 16:07:22 [PERF] /search response_time=761ms memory=52% cpu=62%
2025-07-06 16:07:52 [PERF] /checkout response_time=1029ms memory=50% cpu=30%
2025-07-06 16:08:22 [PERF] /api/users response_time=124ms memory=59% cpu=20%
2025-07-06 16:08:52 [PERF] /api/users response_time=480ms memory=73% cpu=32%
2025-07-06 16:09:22 [PERF] /checkout response_time=1466ms memory=68% cpu=44%
2025-07-06 16:09:52 [PERF] /api/products response_time=100ms memory=74% cpu=69%
2025-07-06 16:10:22 [PERF] /api/users response_time=77ms memory=74% cpu=50%
2025-07-06 16:10:52 [PERF] /api/users response_time=485ms memory=75% cpu=20%
2025-07-06 16:11:22 [PERF] /api/users response_time=448ms memory=67% cpu=42%
2025-07-06 16:11:52 [PERF] /api/orders response_time=108ms memory=68% cpu=56%
2025-07-06 16:12:22 [PERF] /api/products response_time=98ms memory=58% cpu=62%
2025-07-06 16:12:52 [PERF] /api/products response_time=247ms memory=72% cpu=62%
2025-07-06 16:13:22 [PERF] /api/users response_time=167ms memory=57% cpu=63%
2025-07-06 16:13:52 [PERF] /api/products response_time=210ms memory=81% cpu=43%
2025-07-06 16:14:22 [PERF] /api/orders response_time=141ms memory=52% cpu=58%
2025-07-06 16:14:52 [PERF] /api/products response_time=5982ms memory=85% cpu=37%
2025-07-06 16:15:22 [PERF] /api/orders response_time=428ms memory=77% cpu=62%
2025-07-06 16:15:52 [PERF] /api/products response_time=348ms memory=55% cpu=69%
2025-07-06 16:16:22 [PERF] /api/products response_time=179ms memory=73% cpu=54%
2025-07-06 16:16:52 [PERF] /api/products response_time=500ms memory=71% cpu=59%
2025-07-06 16:17:22 [PERF] /api/orders response_time=178ms memory=50% cpu=56%
2025-07-06 16:17:52 [PERF] /api/users response_time=175ms memory=77% cpu=64%
2025-07-06 16:18:22 [PERF] /checkout response_time=238ms memory=51% cpu=46%
2025-07-06 16:18:52 [PERF] /api/products response_time=183ms memory=42% cpu=31%
2025-07-06 16:19:22 [PERF] /api/users response_time=197ms memory=71% cpu=49%
2025-07-06 16:19:52 [PERF] /checkout response_time=1292ms memory=54% cpu=47%
2025-07-06 16:20:22 [PERF] /api/products response_time=186ms memory=82% cpu=51%
2025-07-06 16:20:52 [PERF] /api/products response_time=215ms memory=84% cpu=54%
2025-07-06 16:21:22 [PERF] /api/products response_time=96ms memory=72% cpu=26%
2025-07-06 16:21:52 [PERF] /api/orders response_time=286ms memory=56% cpu=41%
2025-07-06 16:22:22 [PERF] /search response_time=1405ms memory=57% cpu=35%
2025-07-06 16:22:52 [PERF] /api/orders response_time=132ms memory=50% cpu=31%
2025-07-06 16:23:22 [PERF] /checkout response_time=1001ms memory=81% cpu=20%
2025-07-06 16:23:52 [PERF] /checkout response_time=1849ms memory=57% cpu=26%
2025-07-06 16:24:22 [PERF] /api/products response_time=228ms memory=66% cpu=54%
2025-07-06 16:24:52 [PERF] /api/orders response_time=465ms memory=47% cpu=53%
2025-07-06 16:25:22 [PERF] /checkout response_time=1265ms memory=70% cpu=57%
2025-07-06 16:25:52 [PERF] /api/users response_time=407ms memory=65% cpu=39%
2025-07-06 16:26:22 [PERF] /api/users response_time=114ms memory=62% cpu=63%
2025-07-06 16:26:52 [PERF] /search response_time=326ms memory=81% cpu=57%
2025-07-06 16:27:22 [PERF] /api/users response_time=404ms memory=62% cpu=65%
2025-07-06 16:27:52 [PERF] /api/products response_time=447ms memory=77% cpu=39%
2025-07-06 16:28:22 [PERF] /api/users response_time=100ms memory=45% cpu=62%
2025-07-06 16:28:52 [PERF] /checkout response_time=1128ms memory=69% cpu=40%
2025-07-06 16:29:22 [PERF] /api/users response_time=405ms memory=73% cpu=68%
2025-07-06 16:29:52 [PERF] /api/products response_time=207ms memory=42% cpu=67%
2025-07-06 16:30:22 [PERF] /api/users response_time=224ms memory=85% cpu=20%
2025-07-06 16:30:52 [PERF] /api/orders response_time=228ms memory=85% cpu=32%
2025-07-06 16:31:22 [PERF] /api/users response_time=82ms memory=84% cpu=28%
2025-07-06 16:31:52 [PERF] /api/users response_time=424ms memory=80% cpu=53%
2025-07-06 16:32:22 [PERF] /api/users response_time=124ms memory=41% cpu=60%
2025-07-06 16:32:52 [PERF] /api/products response_time=330ms memory=59% cpu=65%
2025-07-06 16:33:22 [PERF] /api/users response_time=456ms memory=67% cpu=25%
2025-07-06 16:33:52 [PERF] /api/orders response_time=111ms memory=57% cpu=54%
2025-07-06 16:34:22 [PERF] /checkout response_time=1147ms memory=51% cpu=52%
2025-07-06 16:34:52 [PERF] /checkout response_time=878ms memory=45% cpu=26%
2025-07-06 16:35:22 [PERF] /api/products response_time=115ms memory=67% cpu=47%
2025-07-06 16:35:52 [PERF] /api/products response_time=379ms memory=71% cpu=35%
2025-07-06 16:36:22 [PERF] /api/products response_time=83ms memory=84% cpu=40%
2025-07-06 16:36:52 [PERF] /api/products response_time=55ms memory=49% cpu=59%
2025-07-06 16:37:22 [PERF] /api/users response_time=341ms memory=44% cpu=29%
2025-07-06 16:37:52 [PERF] /api/users response_time=196ms memory=72% cpu=41%
2025-07-06 16:38:22 [PERF] /api/products response_time=209ms memory=80% cpu=56%
2025-07-06 16:38:52 [PERF] /search response_time=910ms memory=54% cpu=26%
2025-07-06 16:39:22 [PERF] /api/users response_time=204ms memory=52% cpu=58%
2025-07-06 16:39:52 [PERF] /search response_time=468ms memory=85% cpu=66%
2025-07-06 16:40:22 [PERF] /api/products response_time=184ms memory=59% cpu=67%
2025-07-06 16:40:52 [PERF] /api/users response_time=110ms memory=85% cpu=50%
2025-07-06 16:41:22 [PERF] /api/orders response_time=258ms memory=73% cpu=42%
2025-07-06 16:41:52 [PERF] /search response_time=666ms memory=61% cpu=38%
2025-07-06 16:42:22 [PERF] /api/users response_time=104ms memory=50% cpu=49%
2025-07-06 16:42:52 [PERF] /api/orders response_time=372ms memory=69% cpu=51%
2025-07-06 16:43:22 [PERF] /api/users response_time=199ms memory=81% cpu=29%
2025-07-06 16:43:52 [PERF] /checkout response_time=1933ms memory=84% cpu=46%
2025-07-06 16:44:22 [PERF] /api/products response_time=197ms memory=48% cpu=28%
2025-07-06 16:44:52 [PERF] /search response_time=488ms memory=48% cpu=47%
2025-07-06 16:45:22 [PERF] /api/products response_time=220ms memory=60% cpu=32%
2025-07-06 16:45:52 [PERF] /api/orders response_time=471ms memory=66% cpu=55%
2025-07-06 16:46:22 [PERF] /api/orders response_time=379ms memory=70% cpu=44%
2025-07-06 16:46:52 [PERF] /checkout response_time=229ms memory=57% cpu=57%
2025-07-06 16:47:22 [PERF] /api/products response_time=371ms memory=61% cpu=67%
2025-07-06 16:47:52 [PERF] /api/products response_time=408ms memory=80% cpu=24%
2025-07-06 16:48:22 [PERF] /api/users response_time=289ms memory=83% cpu=26%
2025-07-06 16:48:52 [PERF] /api/products response_time=252ms memory=51% cpu=66%
2025-07-06 16:49:22 [PERF] /search response_time=740ms memory=71% cpu=25%
2025-07-06 16:49:52 [PERF] /api/products response_time=233ms memory=79% cpu=45%
2025-07-06 16:50:22 [PERF] /search response_time=245ms memory=40% cpu=38%
2025-07-06 16:50:52 [PERF] /api/products response_time=366ms memory=83% cpu=21%
2025-07-06 16:51:22 [PERF] /api/products response_time=4574ms memory=69% cpu=26%
2025-07-06 16:51:52 [PERF] /api/orders response_time=86ms memory=57% cpu=35%
2025-07-06 16:52:22 [PERF] /search response_time=1962ms memory=65% cpu=57%
2025-07-06 16:52:52 [PERF] /checkout response_time=1970ms memory=70% cpu=46%
2025-07-06 16:53:22 [PERF] /api/orders response_time=138ms memory=62% cpu=21%
2025-07-06 16:53:52 [PERF] /api/users response_time=185ms memory=69% cpu=33%
2025-07-06 16:54:22 [PERF] /api/users response_time=350ms memory=67% cpu=54%
2025-07-06 16:54:52 [PERF] /search response_time=961ms memory=85% cpu=31%
2025-07-06 16:55:22 [PERF] /api/products response_time=235ms memory=79% cpu=44%
2025-07-06 16:55:52 [PERF] /api/orders response_time=427ms memory=57% cpu=58%
2025-07-06 16:56:22 [PERF] /search response_time=1719ms memory=61% cpu=69%
2025-07-06 16:56:52 [PERF] /api/products response_time=449ms memory=50% cpu=65%
2025-07-06 16:57:22 [PERF] /api/orders response_time=64ms memory=74% cpu=32%
2025-07-06 16:57:52 [PERF] /api/users response_time=383ms memory=72% cpu=28%
2025-07-06 16:58:22 [PERF] /api/users response_time=310ms memory=40% cpu=41%
2025-07-06 16:58:52 [PERF] /api/users response_time=479ms memory=60% cpu=37%
2025-07-06 16:59:22 [PERF] /api/orders response_time=473ms memory=47% cpu=20%
2025-07-06 16:59:52 [PERF] /search response_time=1899ms memory=64% cpu=53%
2025-07-06 17:00:22 [PERF] /api/products response_time=77ms memory=77% cpu=68%
2025-07-06 17:00:52 [PERF] /checkout response_time=1639ms memory=45% cpu=61%
2025-07-06 17:01:22 [PERF] /search response_time=685ms memory=72% cpu=41%
2025-07-06 17:01:52 [PERF] /api/products response_time=248ms memory=69% cpu=57%
2025-07-06 17:02:22 [PERF] /api/products response_time=165ms memory=54% cpu=61%
2025-07-06 17:02:52 [PERF] /api/users response_time=96ms memory=59% cpu=52%
2025-07-06 17:03:22 [PERF] /api/products response_time=100ms memory=44% cpu=40%
2025-07-06 17:03:52 [PERF] /api/users response_time=333ms memory=57% cpu=45%
2025-07-06 17:04:22 [PERF] /api/users response_time=247ms memory=44% cpu=60%
2025-07-06 17:04:52 [PERF] /api/products response_time=395ms memory=47% cpu=40%
2025-07-06 17:05:22 [PERF] /api/orders response_time=328ms memory=84% cpu=23%
2025-07-06 17:05:52 [PERF] /checkout response_time=1237ms memory=80% cpu=38%
2025-07-06 17:06:22 [PERF] /checkout response_time=373ms memory=45% cpu=44%
2025-07-06 17:06:52 [PERF] /api/products response_time=245ms memory=53% cpu=33%
2025-07-06 17:07:22 [PERF] /checkout response_time=948ms memory=81% cpu=38%
2025-07-06 17:07:52 [PERF] /checkout response_time=1471ms memory=78% cpu=60%
2025-07-06 17:08:22 [PERF] /search response_time=1447ms memory=56% cpu=54%
2025-07-06 17:08:52 [PERF] /api/orders response_time=218ms memory=50% cpu=46%
2025-07-06 17:09:22 [PERF] /api/orders response_time=311ms memory=50% cpu=24%
2025-07-06 17:09:52 [PERF] /api/users response_time=253ms memory=51% cpu=42%
2025-07-06 17:10:22 [PERF] /search response_time=1655ms memory=81% cpu=23%
2025-07-06 17:10:52 [PERF] /api/users response_time=176ms memory=41% cpu=32%
2025-07-06 17:11:22 [PERF] /checkout response_time=1472ms memory=61% cpu=50%
2025-07-06 17:11:52 [PERF] /api/products response_time=154ms memory=70% cpu=47%
2025-07-06 17:12:22 [PERF] /api/orders response_time=73ms memory=48% cpu=39%
2025-07-06 17:12:52 [PERF] /search response_time=349ms memory=63% cpu=54%
2025-07-06 17:13:22 [PERF] /api/orders response_time=88ms memory=59% cpu=65%
2025-07-06 17:13:52 [PERF] /api/users response_time=53ms memory=72% cpu=69%
2025-07-06 17:14:22 [PERF] /checkout response_time=232ms memory=62% cpu=47%
2025-07-06 17:14:52 [PERF] /checkout response_time=1539ms memory=44% cpu=53%
2025-07-06 17:15:22 [PERF] /checkout response_time=464ms memory=77% cpu=23%
2025-07-06 17:15:52 [PERF] /api/products response_time=470ms memory=72% cpu=31%
2025-07-06 17:16:22 [PERF] /api/products response_time=314ms memory=68% cpu=32%
2025-07-06 17:16:52 [PERF] /api/orders response_time=432ms memory=53% cpu=41%
2025-07-06 17:17:22 [PERF] /search response_time=6936ms memory=80% cpu=51%
2025-07-06 17:17:52 [PERF] /api/orders response_time=116ms memory=51% cpu=60%
2025-07-06 17:18:22 [PERF] /api/orders response_time=446ms memory=80% cpu=24%
2025-07-06 17:18:52 [PERF] /api/orders response_time=102ms memory=52% cpu=64%
2025-07-06 17:19:22 [PERF] /search response_time=704ms memory=50% cpu=49%
2025-07-06 17:19:52 [PERF] /checkout response_time=1736ms memory=63% cpu=57%
2025-07-06 17:20:22 [PERF] /checkout response_time=256ms memory=41% cpu=56%
2025-07-06 17:20:52 [PERF] /checkout response_time=1126ms memory=54% cpu=34%
2025-07-06 17:21:22 [PERF] /api/users response_time=4236ms memory=44% cpu=60%
2025-07-06 17:21:52 [PERF] /api/products response_time=372ms memory=69% cpu=66%
2025-07-06 17:22:22 [PERF] /search response_time=1802ms memory=61% cpu=22%
2025-07-06 17:22:52 [PERF] /search response_time=679ms memory=61% cpu=32%
2025-07-06 17:23:22 [PERF] /api/products response_time=189ms memory=83% cpu=50%
2025-07-06 17:23:52 [PERF] /api/orders response_time=218ms memory=52% cpu=24%
2025-07-06 17:24:22 [PERF] /api/products response_time=450ms memory=82% cpu=45%
2025-07-06 17:24:52 [PERF] /api/orders response_time=416ms memory=71% cpu=20%
2025-07-06 17:25:22 [PERF] /api/orders response_time=207ms memory=74% cpu=49%
2025-07-06 17:25:52 [PERF] /api/orders response_time=269ms memory=65% cpu=37%
2025-07-06 17:26:22 [PERF] /api/users response_time=460ms memory=82% cpu=57%
2025-07-06 17:26:52 [PERF] /search response_time=851ms memory=46% cpu=53%
2025-07-06 17:27:22 [PERF] /api/users response_time=288ms memory=52% cpu=29%
2025-07-06 17:27:52 [PERF] /search response_time=309ms memory=40% cpu=68%
2025-07-06 17:28:22 [PERF] /search response_time=1882ms memory=80% cpu=40%
2025-07-06 17:28:52 [PERF] /api/orders response_time=262ms memory=70% cpu=20%
2025-07-06 17:29:22 [PERF] /api/users response_time=303ms memory=71% cpu=59%
2025-07-06 17:29:52 [PERF] /checkout response_time=1416ms memory=44% cpu=57%
2025-07-06 17:30:22 [PERF] /api/products response_time=424ms memory=74% cpu=49%
2025-07-06 17:30:52 [PERF] /api/products response_time=256ms memory=55% cpu=24%
2025-07-06 17:31:22 [PERF] /api/users response_time=174ms memory=69% cpu=25%
2025-07-06 17:31:52 [PERF] /search response_time=1734ms memory=79% cpu=22%
2025-07-06 17:32:22 [PERF] /api/orders response_time=478ms memory=75% cpu=37%
2025-07-06 17:32:52 [PERF] /api/users response_time=386ms memory=64% cpu=55%
2025-07-06 17:33:22 [PERF] /api/users response_time=498ms memory=41% cpu=22%
2025-07-06 17:33:52 [PERF] /api/users response_time=251ms memory=60% cpu=23%
2025-07-06 17:34:22 [PERF] /api/users response_time=248ms memory=52% cpu=56%
2025-07-06 17:34:52 [PERF] /api/products response_time=197ms memory=65% cpu=65%
2025-07-06 17:35:22 [PERF] /api/products response_time=196ms memory=46% cpu=65%
2025-07-06 17:35:52 [PERF] /search response_time=1124ms memory=41% cpu=47%
2025-07-06 17:36:22 [PERF] /search response_time=558ms memory=67% cpu=62%
2025-07-06 17:36:52 [PERF] /checkout response_time=1869ms memory=43% cpu=53%
2025-07-06 17:37:22 [PERF] /search response_time=1725ms memory=43% cpu=39%
2025-07-06 17:37:52 [PERF] /checkout response_time=1442ms memory=70% cpu=51%
2025-07-06 17:38:22 [PERF] /checkout response_time=912ms memory=66% cpu=22%
2025-07-06 17:38:52 [PERF] /search response_time=595ms memory=65% cpu=21%
2025-07-06 17:39:22 [PERF] /api/products response_time=135ms memory=50% cpu=63%
2025-07-06 17:39:52 [PERF] /search response_time=643ms memory=49% cpu=54%
2025-07-06 17:40:22 [PERF] /api/products response_time=182ms memory=70% cpu=59%
2025-07-06 17:40:52 [PERF] /api/orders response_time=114ms memory=73% cpu=67%
2025-07-06 17:41:22 [PERF] /api/products response_time=377ms memory=46% cpu=33%
2025-07-06 17:41:52 [PERF] /checkout response_time=1665ms memory=70% cpu=58%
2025-07-06 17:42:22 [PERF] /checkout response_time=920ms memory=62% cpu=65%
2025-07-06 17:42:52 [PERF] /api/users response_time=61ms memory=77% cpu=55%
2025-07-06 17:43:22 [PERF] /search response_time=1456ms memory=78% cpu=44%
2025-07-06 17:43:52 [PERF] /api/users response_time=344ms memory=80% cpu=53%
2025-07-06 17:44:22 [PERF] /api/orders response_time=268ms memory=52% cpu=53%
2025-07-06 17:44:52 [PERF] /api/users response_time=401ms memory=45% cpu=64%
2025-07-06 17:45:22 [PERF] /api/products response_time=227ms memory=65% cpu=62%
2025-07-06 17:45:52 [PERF] /api/users response_time=321ms memory=69% cpu=35%
2025-07-06 17:46:22 [PERF] /checkout response_time=3652ms memory=69% cpu=41%
2025-07-06 17:46:52 [PERF] /search response_time=1207ms memory=41% cpu=31%
2025-07-06 17:47:22 [PERF] /api/users response_time=477ms memory=74% cpu=48%
2025-07-06 17:47:52 [PERF] /api/users response_time=255ms memory=42% cpu=29%
2025-07-06 17:48:22 [PERF] /search response_time=456ms memory=53% cpu=70%
2025-07-06 17:48:52 [PERF] /api/orders response_time=63ms memory=48% cpu=68%
2025-07-06 17:49:22 [PERF] /api/users response_time=413ms memory=57% cpu=27%
2025-07-06 17:49:52 [PERF] /api/users response_time=499ms memory=52% cpu=26%
2025-07-06 17:50:22 [PERF] /api/users response_time=325ms memory=44% cpu=58%
2025-07-06 17:50:52 [PERF] /api/orders response_time=359ms memory=51% cpu=66%
2025-07-06 17:51:22 [PERF] /checkout response_time=1083ms memory=81% cpu=55%
2025-07-06 17:51:52 [PERF] /api/products response_time=77ms memory=43% cpu=64%
2025-07-06 17:52:22 [PERF] /search response_time=1466ms memory=84% cpu=27%
2025-07-06 17:52:52 [PERF] /search response_time=939ms memory=85% cpu=35%
2025-07-06 17:53:22 [PERF] /api/products response_time=344ms memory=53% cpu=24%
2025-07-06 17:53:52 [PERF] /search response_time=1306ms memory=45% cpu=23%
2025-07-06 17:54:22 [PERF] /api/products response_time=181ms memory=75% cpu=63%
2025-07-06 17:54:52 [PERF] /api/users response_time=481ms memory=56% cpu=23%
2025-07-06 17:55:22 [PERF] /search response_time=1887ms memory=79% cpu=47%
2025-07-06 17:55:52 [PERF] /checkout response_time=1415ms memory=70% cpu=42%
2025-07-06 17:56:22 [PERF] /checkout response_time=1848ms memory=64% cpu=50%
2025-07-06 17:56:52 [PERF] /api/users response_time=219ms memory=70% cpu=30%
2025-07-06 17:57:22 [PERF] /search response_time=1806ms memory=47% cpu=36%
2025-07-06 17:57:52 [PERF] /search response_time=330ms memory=68% cpu=38%
2025-07-06 17:58:22 [PERF] /api/orders response_time=6267ms memory=49% cpu=63%
2025-07-06 17:58:52 [PERF] /api/products response_time=67ms memory=52% cpu=32%
2025-07-06 17:59:22 [PERF] /search response_time=1493ms memory=51% cpu=44%
2025-07-06 17:59:52 [PERF] /search response_time=892ms memory=41% cpu=45%
2025-07-06 18:00:22 [PERF] /api/orders response_time=157ms memory=53% cpu=41%
2025-07-06 18:00:52 [PERF] /search response_time=1297ms memory=56% cpu=30%
2025-07-06 18:01:22 [PERF] /api/users response_time=287ms memory=40% cpu=39%
2025-07-06 18:01:52 [PERF] /search response_time=1625ms memory=52% cpu=62%
2025-07-06 18:02:22 [PERF] /checkout response_time=1761ms memory=41% cpu=44%
2025-07-06 18:02:52 [PERF] /search response_time=906ms memory=75% cpu=28%
2025-07-06 18:03:22 [PERF] /search response_time=588ms memory=82% cpu=29%
2025-07-06 18:03:52 [PERF] /checkout response_time=351ms memory=66% cpu=65%
2025-07-06 18:04:22 [PERF] /api/products response_time=215ms memory=55% cpu=52%
2025-07-06 18:04:52 [PERF] /search response_time=1196ms memory=82% cpu=45%
2025-07-06 18:05:22 [PERF] /search response_time=266ms memory=77% cpu=42%
2025-07-06 18:05:52 [PERF] /checkout response_time=785ms memory=82% cpu=26%
2025-07-06 18:06:22 [PERF] /api/users response_time=71ms memory=40% cpu=58%
2025-07-06 18:06:52 [PERF] /api/products response_time=412ms memory=58% cpu=21%
2025-07-06 18:07:22 [PERF] /api/products response_time=145ms memory=67% cpu=61%
2025-07-06 18:07:52 [PERF] /api/users response_time=211ms memory=55% cpu=32%
2025-07-06 18:08:22 [PERF] /checkout response_time=216ms memory=49% cpu=59%
2025-07-06 18:08:52 [PERF] /api/orders response_time=438ms memory=51% cpu=34%
2025-07-06 18:09:22 [PERF] /api/products response_time=173ms memory=68% cpu=57%
2025-07-06 18:09:52 [PERF] /checkout response_time=315ms memory=51% cpu=25%
2025-07-06 18:10:22 [PERF] /search response_time=7512ms memory=63% cpu=60%
2025-07-06 18:10:52 [PERF] /api/orders response_time=421ms memory=40% cpu=65%
2025-07-06 18:11:22 [PERF] /api/users response_time=232ms memory=50% cpu=27%
2025-07-06 18:11:52 [PERF] /api/users response_time=205ms memory=51% cpu=43%
2025-07-06 18:12:22 [PERF] /api/products response_time=216ms memory=75% cpu=52%
2025-07-06 18:12:52 [PERF] /api/orders response_time=159ms memory=59% cpu=46%
2025-07-06 18:13:22 [PERF] /api/products response_time=383ms memory=55% cpu=28%
2025-07-06 18:13:52 [PERF] /api/products response_time=97ms memory=47% cpu=21%
2025-07-06 18:14:22 [PERF] /search response_time=783ms memory=63% cpu=60%
2025-07-06 18:14:52 [PERF] /api/orders response_time=340ms memory=82% cpu=50%
2025-07-06 18:15:22 [PERF] /search response_time=1432ms memory=58% cpu=44%
2025-07-06 18:15:52 [PERF] /api/users response_time=361ms memory=68% cpu=31%
2025-07-06 18:16:22 [PERF] /api/orders response_time=84ms memory=71% cpu=38%
2025-07-06 18:16:52 [PERF] /api/products response_time=487ms memory=71% cpu=35%
2025-07-06 18:17:22 [PERF] /search response_time=1993ms memory=60% cpu=21%
2025-07-06 18:17:52 [PERF] /api/orders response_time=487ms memory=66% cpu=30%
2025-07-06 18:18:22 [PERF] /api/products response_time=115ms memory=85% cpu=27%
2025-07-06 18:18:52 [PERF] /api/products response_time=156ms memory=76% cpu=48%
2025-07-06 18:19:22 [PERF] /api/orders response_time=406ms memory=72% cpu=67%
2025-07-06 18:19:52 [PERF] /search response_time=570ms memory=83% cpu=30%
2025-07-06 18:20:22 [PERF] /api/orders response_time=56ms memory=47% cpu=53%
2025-07-06 18:20:52 [PERF] /api/products response_time=221ms memory=49% cpu=56%
2025-07-06 18:21:22 [PERF] /checkout response_time=1977ms memory=61% cpu=67%
2025-07-06 18:21:52 [PERF] /api/users response_time=362ms memory=49% cpu=44%
2025-07-06 18:22:22 [PERF] /checkout response_time=1781ms memory=70% cpu=67%
2025-07-06 18:22:52 [PERF] /checkout response_time=830ms memory=85% cpu=49%
2025-07-06 18:23:22 [PERF] /checkout response_time=1714ms memory=67% cpu=55%
2025-07-06 18:23:52 [PERF] /api/users response_time=129ms memory=77% cpu=58%
2025-07-06 18:24:22 [PERF] /search response_time=1122ms memory=70% cpu=55%
2025-07-06 18:24:52 [PERF] /api/products response_time=166ms memory=51% cpu=45%
2025-07-06 18:25:22 [PERF] /api/orders response_time=336ms memory=76% cpu=47%
2025-07-06 18:25:52 [PERF] /checkout response_time=785ms memory=63% cpu=46%
2025-07-06 18:26:22 [PERF] /search response_time=1814ms memory=69% cpu=34%
2025-07-06 18:26:52 [PERF] /search response_time=786ms memory=45% cpu=69%
2025-07-06 18:27:22 [PERF] /api/users response_time=337ms memory=67% cpu=30%
2025-07-06 18:27:52 [PERF] /search response_time=471ms memory=58% cpu=37%
2025-07-06 18:28:22 [PERF] /checkout response_time=1175ms memory=51% cpu=29%
2025-07-06 18:28:52 [PERF] /search response_time=1533ms memory=61% cpu=54%
2025-07-06 18:29:22 [PERF] /checkout response_time=854ms memory=52% cpu=43%
2025-07-06 18:29:52 [PERF] /search response_time=1999ms memory=47% cpu=23%
2025-07-06 18:30:22 [PERF] /api/products response_time=163ms memory=59% cpu=34%
2025-07-06 18:30:52 [PERF] /api/products response_time=145ms memory=43% cpu=48%
2025-07-06 18:31:22 [PERF] /api/orders response_time=178ms memory=61% cpu=56%
2025-07-06 18:31:52 [PERF] /api/orders response_time=287ms memory=79% cpu=32%
2025-07-06 18:32:22 [PERF] /api/users response_time=306ms memory=60% cpu=37%
2025-07-06 18:32:52 [PERF] /api/orders response_time=321ms memory=44% cpu=25%
2025-07-06 18:33:22 [PERF] /checkout response_time=1945ms memory=82% cpu=56%
2025-07-06 18:33:52 [PERF] /api/users response_time=370ms memory=55% cpu=56%
2025-07-06 18:34:22 [PERF] /api/products response_time=404ms memory=44% cpu=59%
2025-07-06 18:34:52 [PERF] /api/orders response_time=6065ms memory=51% cpu=64%
2025-07-06 18:35:22 [PERF] /checkout response_time=270ms memory=56% cpu=59%
2025-07-06 18:35:52 [PERF] /checkout response_time=806ms memory=49% cpu=28%
2025-07-06 18:36:22 [PERF] /api/orders response_time=168ms memory=57% cpu=32%
2025-07-06 18:36:52 [PERF] /search response_time=586ms memory=63% cpu=48%
2025-07-06 18:37:22 [PERF] /api/orders response_time=407ms memory=59% cpu=20%
2025-07-06 18:37:52 [PERF] /api/orders response_time=468ms memory=62% cpu=63%
2025-07-06 18:38:22 [PERF] /api/orders response_time=448ms memory=73% cpu=66%
2025-07-06 18:38:52 [PERF] /api/orders response_time=156ms memory=63% cpu=27%
2025-07-06 18:39:22 [PERF] /search response_time=639ms memory=55% cpu=25%
2025-07-06 18:39:52 [PERF] /api/orders response_time=394ms memory=75% cpu=60%
2025-07-06 18:40:22 [PERF] /api/orders response_time=498ms memory=67% cpu=38%
2025-07-06 18:40:52 [PERF] /api/users response_time=124ms memory=58% cpu=31%
2025-07-06 18:41:22 [PERF] /search response_time=1491ms memory=43% cpu=33%
2025-07-06 18:41:52 [PERF] /api/users response_time=223ms memory=73% cpu=44%
2025-07-06 18:42:22 [PERF] /api/users response_time=391ms memory=69% cpu=33%
2025-07-06 18:42:52 [PERF] /api/products response_time=325ms memory=79% cpu=70%
2025-07-06 18:43:22 [PERF] /api/orders response_time=94ms memory=40% cpu=68%
2025-07-06 18:43:52 [PERF] /api/orders response_time=189ms memory=76% cpu=63%
2025-07-06 18:44:22 [PERF] /checkout response_time=1830ms memory=46% cpu=36%
2025-07-06 18:44:52 [PERF] /search response_time=7746ms memory=73% cpu=54%
