[2025-05-18 10:05:07] [DEBUG] [CODE:1000] [Category:Logistics] Checking shipment tracking consistency.
[2025-05-18 10:08:17] [ERROR] [CODE:1001] [Category:Shipping] Failed to generate shipping label.
[2025-05-18 10:08:47] [WARNING] [CODE:1002] [Category:Warehouse] Low stock warning for item ID 4385.
[2025-05-18 10:13:32] [ERROR] [CODE:1003] [Category:Inventory] Delivery address not found.
[2025-05-18 10:15:38] [DEBUG] [CODE:1004] [Category:Warehouse] Debugging inventory sync process.
[2025-05-18 10:19:24] [INFO] [CODE:1005] [Category:Shipping] Package scanned at origin facility.
[2025-05-18 10:23:28] [ERROR] [CODE:1006] [Category:Inventory] Failed to generate shipping label.
[2025-05-18 10:27:15] [WARNING] [CODE:1007] [Category:Inventory] Low stock warning for item ID 4385.
[2025-05-18 10:31:43] [DEBUG] [CODE:1008] [Category:Shipping] Route optimization calculation started.
[2025-05-18 10:36:36] [ERROR] [CODE:1009] [Category:Warehouse] Failed to generate shipping label.
[2025-05-18 10:39:26] [DEBUG] [CODE:1010] [Category:Dispatch] Debugging inventory sync process.
[2025-05-18 10:39:59] [CRITICAL] [CODE:1011] [Category:Dispatch] Warehouse power outage reported.
[2025-05-18 10:42:27] [CRITICAL] [CODE:1012] [Category:Warehouse] Warehouse power outage reported.
[2025-05-18 10:44:06] [WARNING] [CODE:1013] [Category:Inventory] High latency in label printing service.
[2025-05-18 10:44:25] [INFO] [CODE:1014] [Category:Warehouse] Inventory checked and updated.
[2025-05-18 10:49:10] [DEBUG] [CODE:1015] [Category:Dispatch] Checking shipment tracking consistency.
[2025-05-18 10:51:42] [DEBUG] [CODE:1016] [Category:Inventory] Checking shipment tracking consistency.
[2025-05-18 10:53:59] [ERROR] [CODE:1017] [Category:Shipping] Invalid tracking number provided.
[2025-05-18 10:56:02] [INFO] [CODE:1018] [Category:Warehouse] Driver assigned to route.
[2025-05-18 10:58:34] [ERROR] [CODE:1019] [Category:Logistics] Invalid tracking number provided.
[2025-05-18 11:01:49] [INFO] [CODE:1020] [Category:Warehouse] Package scanned at origin facility.
[2025-05-18 11:02:09] [CRITICAL] [CODE:1021] [Category:Dispatch] Database connection failure.
[2025-05-18 11:03:39] [WARNING] [CODE:1022] [Category:Inventory] High latency in label printing service.
[2025-05-18 11:07:47] [DEBUG] [CODE:1023] [Category:Dispatch] Verifying webhook payload structure.
[2025-05-18 11:12:06] [CRITICAL] [CODE:1024] [Category:Dispatch] Critical system error in dispatch module.
[2025-05-18 11:14:46] [INFO] [CODE:1025] [Category:Shipping] Package scanned at origin facility.
[2025-05-18 11:19:24] [INFO] [CODE:1026] [Category:Shipping] Label generated for shipment.
[2025-05-18 11:22:51] [INFO] [CODE:1027] [Category:Logistics] Inventory checked and updated.
[2025-05-18 11:25:26] [WARNING] [CODE:1028] [Category:Shipping] Low stock warning for item ID 4385.
[2025-05-18 11:29:56] [WARNING] [CODE:1029] [Category:Inventory] High latency in label printing service.
[2025-05-18 11:33:37] [ERROR] [CODE:1030] [Category:Logistics] Inventory mismatch detected.
[2025-05-18 11:36:36] [DEBUG] [CODE:1031] [Category:Dispatch] Route optimization calculation started.
[2025-05-18 11:41:25] [ERROR] [CODE:1032] [Category:Warehouse] Delivery address not found.
[2025-05-18 11:45:27] [WARNING] [CODE:1033] [Category:Inventory] Delayed response from external tracking API.
[2025-05-18 11:45:36] [CRITICAL] [CODE:1034] [Category:Warehouse] Complete failure in inventory sync.
[2025-05-18 11:45:43] [CRITICAL] [CODE:1035] [Category:Dispatch] Complete failure in inventory sync.
[2025-05-18 11:48:16] [ERROR] [CODE:1036] [Category:Dispatch] Package lost in transit.
[2025-05-18 11:48:17] [INFO] [CODE:1037] [Category:Warehouse] Package scanned at origin facility.
[2025-05-18 11:51:30] [WARNING] [CODE:1038] [Category:Shipping] GPS signal temporarily lost.
[2025-05-18 11:55:24] [INFO] [CODE:1039] [Category:Inventory] Label generated for shipment.
[2025-05-18 11:58:16] [ERROR] [CODE:1040] [Category:Logistics] Delivery address not found.
[2025-05-18 12:00:54] [DEBUG] [CODE:1041] [Category:Inventory] Warehouse temperature sensor reading: 22°C.
[2025-05-18 12:02:34] [DEBUG] [CODE:1042] [Category:Dispatch] Route optimization calculation started.
[2025-05-18 12:04:16] [DEBUG] [CODE:1043] [Category:Warehouse] Verifying webhook payload structure.
[2025-05-18 12:08:43] [ERROR] [CODE:1044] [Category:Logistics] Inventory mismatch detected.
[2025-05-18 12:12:15] [WARNING] [CODE:1045] [Category:Inventory] GPS signal temporarily lost.
[2025-05-18 12:13:20] [DEBUG] [CODE:1046] [Category:Inventory] Verifying webhook payload structure.
[2025-05-18 12:15:55] [INFO] [CODE:1047] [Category:Inventory] Driver assigned to route.
[2025-05-18 12:17:55] [CRITICAL] [CODE:1048] [Category:Dispatch] Complete failure in inventory sync.
[2025-05-18 12:18:04] [INFO] [CODE:1049] [Category:Dispatch] Inventory checked and updated.
[2025-05-18 12:20:52] [DEBUG] [CODE:1050] [Category:Warehouse] Debugging inventory sync process.
[2025-05-18 12:22:50] [INFO] [CODE:1051] [Category:Inventory] Shipment created successfully.
[2025-05-18 12:23:55] [INFO] [CODE:1052] [Category:Dispatch] Shipment created successfully.
[2025-05-18 12:24:21] [INFO] [CODE:1053] [Category:Inventory] Shipment created successfully.
[2025-05-18 12:25:29] [CRITICAL] [CODE:1054] [Category:Dispatch] Critical system error in dispatch module.
[2025-05-18 12:25:36] [WARNING] [CODE:1055] [Category:Inventory] GPS signal temporarily lost.
[2025-05-18 12:28:00] [CRITICAL] [CODE:1056] [Category:Logistics] Database connection failure.
[2025-05-18 12:28:06] [WARNING] [CODE:1057] [Category:Dispatch] High latency in label printing service.
[2025-05-18 12:28:37] [WARNING] [CODE:1058] [Category:Logistics] High latency in label printing service.
[2025-05-18 12:33:24] [WARNING] [CODE:1059] [Category:Logistics] Unverified delivery address submitted.
[2025-05-18 12:35:01] [CRITICAL] [CODE:1060] [Category:Shipping] Database connection failure.
[2025-05-18 12:38:06] [INFO] [CODE:1061] [Category:Inventory] Label generated for shipment.
[2025-05-18 12:39:23] [ERROR] [CODE:1062] [Category:Warehouse] Inventory mismatch detected.
[2025-05-18 12:40:33] [DEBUG] [CODE:1063] [Category:Logistics] Debugging inventory sync process.
[2025-05-18 12:45:30] [DEBUG] [CODE:1064] [Category:Inventory] Route optimization calculation started.
[2025-05-18 12:47:24] [INFO] [CODE:1065] [Category:Inventory] Shipment created successfully.
[2025-05-18 12:50:41] [DEBUG] [CODE:1066] [Category:Dispatch] Verifying webhook payload structure.
[2025-05-18 12:53:21] [DEBUG] [CODE:1067] [Category:Inventory] Debugging inventory sync process.
[2025-05-18 12:53:34] [INFO] [CODE:1068] [Category:Shipping] Shipment created successfully.
[2025-05-18 12:57:00] [INFO] [CODE:1069] [Category:Logistics] Inventory checked and updated.
[2025-05-18 13:01:36] [ERROR] [CODE:1070] [Category:Logistics] Failed to generate shipping label.
[2025-05-18 13:05:56] [INFO] [CODE:1071] [Category:Inventory] Label generated for shipment.
[2025-05-18 13:06:12] [INFO] [CODE:1072] [Category:Warehouse] Label generated for shipment.
[2025-05-18 13:06:54] [WARNING] [CODE:1073] [Category:Shipping] High latency in label printing service.
[2025-05-18 13:07:46] [ERROR] [CODE:1074] [Category:Logistics] Package lost in transit.
[2025-05-18 13:08:15] [WARNING] [CODE:1075] [Category:Inventory] GPS signal temporarily lost.
[2025-05-18 13:11:16] [ERROR] [CODE:1076] [Category:Inventory] Failed to generate shipping label.
[2025-05-18 13:12:26] [INFO] [CODE:1077] [Category:Inventory] Package scanned at origin facility.
[2025-05-18 13:12:47] [DEBUG] [CODE:1078] [Category:Logistics] Checking shipment tracking consistency.
[2025-05-18 13:14:05] [WARNING] [CODE:1079] [Category:Logistics] Low stock warning for item ID 4385.
[2025-05-18 13:17:53] [DEBUG] [CODE:1080] [Category:Warehouse] Checking shipment tracking consistency.
[2025-05-18 13:22:00] [DEBUG] [CODE:1081] [Category:Dispatch] Verifying webhook payload structure.
[2025-05-18 13:26:10] [DEBUG] [CODE:1082] [Category:Shipping] Route optimization calculation started.
[2025-05-18 13:28:04] [DEBUG] [CODE:1083] [Category:Shipping] Checking shipment tracking consistency.
[2025-05-18 13:32:15] [INFO] [CODE:1084] [Category:Shipping] Package scanned at origin facility.
[2025-05-18 13:34:34] [DEBUG] [CODE:1085] [Category:Logistics] Warehouse temperature sensor reading: 22°C.
[2025-05-18 13:36:29] [INFO] [CODE:1086] [Category:Dispatch] Inventory checked and updated.
[2025-05-18 13:39:02] [INFO] [CODE:1087] [Category:Logistics] Driver assigned to route.
[2025-05-18 13:42:03] [DEBUG] [CODE:1088] [Category:Logistics] Debugging inventory sync process.
[2025-05-18 13:42:29] [WARNING] [CODE:1089] [Category:Shipping] Unverified delivery address submitted.
[2025-05-18 13:47:10] [CRITICAL] [CODE:1090] [Category:Logistics] Routing system offline.
[2025-05-18 13:50:39] [WARNING] [CODE:1091] [Category:Dispatch] GPS signal temporarily lost.
[2025-05-18 13:52:44] [ERROR] [CODE:1092] [Category:Inventory] Failed to generate shipping label.
[2025-05-18 13:54:12] [DEBUG] [CODE:1093] [Category:Dispatch] Route optimization calculation started.
[2025-05-18 13:54:23] [CRITICAL] [CODE:1094] [Category:Inventory] Complete failure in inventory sync.
[2025-05-18 13:58:52] [ERROR] [CODE:1095] [Category:Shipping] Failed to generate shipping label.
[2025-05-18 14:03:36] [WARNING] [CODE:1096] [Category:Logistics] Delayed response from external tracking API.
[2025-05-18 14:07:43] [INFO] [CODE:1097] [Category:Logistics] Package scanned at origin facility.
[2025-05-18 14:12:36] [DEBUG] [CODE:1098] [Category:Shipping] Debugging inventory sync process.
[2025-05-18 14:13:37] [WARNING] [CODE:1099] [Category:Warehouse] GPS signal temporarily lost.